
=== Tue Nov 29 11:51:22 2022

Packages were changed.
Update Mode: mergeDefaultDependencies

The following packages were added:
  com.unity.ide.rider@3.0.14
  com.unity.ide.visualstudio@2.0.15
  com.unity.ide.vscode@1.2.5
  com.unity.modules.ai@1.0.0
  com.unity.modules.androidjni@1.0.0
  com.unity.modules.cloth@1.0.0
  com.unity.modules.screencapture@1.0.0
  com.unity.modules.terrain@1.0.0
  com.unity.modules.terrainphysics@1.0.0
  com.unity.modules.uielements@1.0.0
  com.unity.modules.umbra@1.0.0
  com.unity.modules.unityanalytics@1.0.0
  com.unity.modules.vehicles@1.0.0
  com.unity.modules.wind@1.0.0
The following packages were updated:
  com.unity.collab-proxy from version 1.15.15 to 1.15.17
  com.unity.learn.iet-framework from version 2.1.2 to 2.2.1
  com.unity.render-pipelines.universal from version 12.1.6 to 12.1.7
  com.unity.visualscripting from version 1.7.6 to 1.7.8

=== Tue Nov 29 12:01:59 2022

Packages were changed.
Update Mode: mergeDefaultDependencies

The following packages were added:
  com.unity.2d.sprite@1.0.0
  com.unity.2d.tilemap@1.0.0
  com.unity.ext.nunit@1.0.6
  com.unity.postprocessing@3.0.3
  com.unity.xr.legacyinputhelpers@2.1.7
